2019-04-29_15:50:32.592 [main] INFO  c.e.cdb.controlleIQbrod/computer-database.svg?branch=masur.Controlleur - e
2019-04-29_15:52:59.946 [main] INFO  c.e.cdb.controlleur.Controlleur - com.mysql.cj.jdbc.Driver
2019-04-29_15:55:24.097 [main] INFO  c.e.cdb.controlleur.Controlleur - com.mysql.cj.jdbc.Driver
2019-04-29_15:57:19.281 [main] INFO  c.e.cdb.controlleur.Controlleur - com.mysql.cj.jdbc.Driver
2019-04-29_16:03:51.432 [main] INFO  c.e.cdb.controlleur.Controlleur - For input string: "rrarar"Erreur, veuillez entrez un entier  !! rrarar
2019-04-29_16:18:20.336 [main] INFO  c.e.cdb.controlleur.Controlleur - nullErreur dans la date avec: 2017-20-21, 2019-4-13
2019-04-29_16:18:20.339 [main] INFO  c.e.cdb.controlleur.Controlleur - nullErreur dans la date avec: 2017, 2019-4-13
2019-04-29_16:18:20.340 [main] INFO  c.e.cdb.controlleur.Controlleur - nullErreur dans la date avec: 2017-02-11, bonsoir
2019-04-29_16:18:20.395 [main] INFO  c.e.cdb.controlleur.Controlleur - nullErreur dans la date avec: 2016-11-11, blop
2019-04-29_16:18:20.402 [main] INFO  c.e.cdb.controlleur.Controlleur - For input string: "blocage"probleme de type: blocage, 4000
2019-04-29_16:18:20.406 [main] INFO  c.e.cdb.controlleur.Controlleur - For input string: "mystere"Probleme de type : 5, mystere
2019-04-29_16:18:20.407 [main] INFO  c.e.cdb.controlleur.Controlleur - For input string: "babloz"Erreur, veuillez entrez un entier  !! babloz
2019-04-29_16:18:20.497 [main] INFO  c.e.cdb.controlleur.Controlleur - nullErreur dans la date avec: name, 2016-11-11
2019-04-29_16:25:03.895 [main] INFO  c.e.cdb.controlleur.Controlleur - nullErreur dans la date avec: 2017-20-21, 2019-4-13
2019-04-29_16:25:03.902 [main] INFO  c.e.cdb.controlleur.Controlleur - nullErreur dans la date avec: 2017, 2019-4-13
2019-04-29_16:25:03.906 [main] INFO  c.e.cdb.controlleur.Controlleur - nullErreur dans la date avec: 2017-02-11, bonsoir
2019-04-29_16:25:03.975 [main] INFO  c.e.cdb.controlleur.Controlleur - nullErreur dans la date avec: 2016-11-11, blop
2019-04-29_16:25:03.986 [main] INFO  c.e.cdb.controlleur.Controlleur - For input string: "blocage"probleme de type: blocage, 4000
2019-04-29_16:25:03.992 [main] INFO  c.e.cdb.controlleur.Controlleur - For input string: "mystere"Probleme de type : 5, mystere
2019-04-29_16:25:03.993 [main] INFO  c.e.cdb.controlleur.Controlleur - For input string: "babloz"Erreur, veuillez entrez un entier  !! babloz
2019-04-29_16:25:04.112 [main] INFO  c.e.cdb.controlleur.Controlleur - nullErreur dans la date avec: name, 2016-11-11
2019-04-29_16:30:01.114 [main] INFO  c.e.cdb.controlleur.Controlleur - nullErreur dans la date avec: 2017-20-21, 2019-4-13
2019-04-29_16:30:01.124 [main] INFO  c.e.cdb.controlleur.Controlleur - nullErreur dans la date avec: 2017, 2019-4-13
2019-04-29_16:30:01.125 [main] INFO  c.e.cdb.controlleur.Controlleur - nullErreur dans la date avec: 2017-02-11, bonsoir
2019-04-29_16:30:01.187 [main] INFO  c.e.cdb.controlleur.Controlleur - nullErreur dans la date avec: 2016-11-11, blop
2019-04-29_16:30:01.195 [main] INFO  c.e.cdb.controlleur.Controlleur - For input string: "blocage"probleme de type: blocage, 4000
2019-04-29_16:30:01.199 [main] INFO  c.e.cdb.controlleur.Controlleur - For input string: "mystere"Probleme de type : 5, mystere
2019-04-29_16:30:01.200 [main] INFO  c.e.cdb.controlleur.Controlleur - For input string: "babloz"Erreur, veuillez entrez un entier  !! babloz
2019-04-29_16:30:01.328 [main] INFO  c.e.cdb.controlleur.Controlleur - nullErreur dans la date avec: name, 2016-11-11
2019-04-29_16:30:39.542 [main] INFO  c.e.cdb.controlleur.Controlleur - nullErreur dans la date avec: 2017-20-21, 2019-4-13
2019-04-29_16:30:39.547 [main] INFO  c.e.cdb.controlleur.Controlleur - nullErreur dans la date avec: 2017, 2019-4-13
2019-04-29_16:30:39.547 [main] INFO  c.e.cdb.controlleur.Controlleur - nullErreur dans la date avec: 2017-02-11, bonsoir
2019-04-29_16:30:39.598 [main] INFO  c.e.cdb.controlleur.Controlleur - nullErreur dans la date avec: 2016-11-11, blop
2019-04-29_16:30:39.604 [main] INFO  c.e.cdb.controlleur.Controlleur - For input string: "blocage"probleme de type: blocage, 4000
2019-04-29_16:30:39.607 [main] INFO  c.e.cdb.controlleur.Controlleur - For input string: "mystere"Probleme de type : 5, mystere
2019-04-29_16:30:39.608 [main] INFO  c.e.cdb.controlleur.Controlleur - For input string: "babloz"Erreur, veuillez entrez un entier  !! babloz
2019-04-29_16:30:39.722 [main] INFO  c.e.cdb.controlleur.Controlleur - nullErreur dans la date avec: name, 2016-11-11
2019-04-29_16:31:24.707 [main] INFO  c.e.cdb.controlleur.Controlleur - nullErreur dans la date avec: 2017-20-21, 2019-4-13
2019-04-29_16:31:24.714 [main] INFO  c.e.cdb.controlleur.Controlleur - nullErreur dans la date avec: 2017, 2019-4-13
2019-04-29_16:31:24.715 [main] INFO  c.e.cdb.controlleur.Controlleur - nullErreur dans la date avec: 2017-02-11, bonsoir
2019-04-29_16:31:24.771 [main] INFO  c.e.cdb.controlleur.Controlleur - nullErreur dans la date avec: 2016-11-11, blop
2019-04-29_16:31:24.778 [main] INFO  c.e.cdb.controlleur.Controlleur - For input string: "blocage"probleme de type: blocage, 4000
2019-04-29_16:31:24.784 [main] INFO  c.e.cdb.controlleur.Controlleur - For input string: "mystere"Probleme de type : 5, mystere
2019-04-29_16:31:24.784 [main] INFO  c.e.cdb.controlleur.Controlleur - For input string: "babloz"Erreur, veuillez entrez un entier  !! babloz
2019-04-29_16:31:24.881 [main] INFO  c.e.cdb.controlleur.Controlleur - nullErreur dans la date avec: name, 2016-11-11
2019-04-29_17:09:58.479 [main] INFO  c.e.cdb.controlleur.Controlleur - nullErreur dans la date avec: 2017-20-21, 2019-4-13
2019-04-29_17:09:58.485 [main] INFO  c.e.cdb.controlleur.Controlleur - nullErreur dans la date avec: 2017, 2019-4-13
2019-04-29_17:09:58.485 [main] INFO  c.e.cdb.controlleur.Controlleur - nullErreur dans la date avec: 2017-02-11, bonsoir
2019-04-29_17:09:58.536 [main] INFO  c.e.cdb.controlleur.Controlleur - nullErreur dans la date avec: 2016-11-11, blop
2019-04-29_17:09:58.544 [main] INFO  c.e.cdb.controlleur.Controlleur - For input string: "blocage"probleme de type: blocage, 4000
2019-04-29_17:09:58.549 [main] INFO  c.e.cdb.controlleur.Controlleur - For input string: "mystere"Probleme de type : 5, mystere
2019-04-29_17:09:58.550 [main] INFO  c.e.cdb.controlleur.Controlleur - For input string: "babloz"Erreur, veuillez entrez un entier  !! babloz
2019-04-29_17:09:58.664 [main] INFO  c.e.cdb.controlleur.Controlleur - nullErreur dans la date avec: name, 2016-11-11
2019-04-29_17:21:45.501 [main] INFO  c.e.cdb.controlleur.Controlleur - nullErreur dans la date avec: 2017-20-21, 2019-4-13
2019-04-29_17:21:45.504 [main] INFO  c.e.cdb.controlleur.Controlleur - nullErreur dans la date avec: 2017, 2019-4-13
2019-04-29_17:21:45.505 [main] INFO  c.e.cdb.controlleur.Controlleur - nullErreur dans la date avec: 2017-02-11, bonsoir
2019-04-29_17:21:45.586 [main] INFO  c.e.cdb.controlleur.Controlleur - nullErreur dans la date avec: 2016-11-11, blop
2019-04-29_17:21:45.588 [main] INFO  c.e.cdb.controlleur.Controlleur - For input string: "blocage"probleme de type: blocage, 4000
2019-04-29_17:21:45.591 [main] INFO  c.e.cdb.controlleur.Controlleur - For input string: "mystere"Probleme de type : 5, mystere
2019-04-29_17:21:45.592 [main] INFO  c.e.cdb.controlleur.Controlleur - For input string: "babloz"Erreur, veuillez entrez un entier  !! babloz
2019-04-29_17:21:45.665 [main] INFO  c.e.cdb.controlleur.Controlleur - nullErreur dans la date avec: name, 2016-11-11
2019-04-29_17:22:16.813 [main] INFO  c.e.cdb.controlleur.Controlleur - nullErreur dans la date avec: 2017-20-21, 2019-4-13
2019-04-29_17:22:16.817 [main] INFO  c.e.cdb.controlleur.Controlleur - nullErreur dans la date avec: 2017, 2019-4-13
2019-04-29_17:22:16.818 [main] INFO  c.e.cdb.controlleur.Controlleur - nullErreur dans la date avec: 2017-02-11, bonsoir
2019-04-29_17:22:16.866 [main] INFO  c.e.cdb.controlleur.Controlleur - nullErreur dans la date avec: 2016-11-11, blop
2019-04-29_17:22:16.869 [main] INFO  c.e.cdb.controlleur.Controlleur - For input string: "blocage"probleme de type: blocage, 4000
2019-04-29_17:22:16.872 [main] INFO  c.e.cdb.controlleur.Controlleur - For input string: "mystere"Probleme de type : 5, mystere
2019-04-29_17:22:16.873 [main] INFO  c.e.cdb.controlleur.Controlleur - For input string: "babloz"Erreur, veuillez entrez un entier  !! babloz
2019-04-29_17:22:16.962 [main] INFO  c.e.cdb.controlleur.Controlleur - nullErreur dans la date avec: name, 2016-11-11
2019-04-29_17:22:36.158 [main] INFO  c.e.cdb.controlleur.Controlleur - nullErreur dans la date avec: 2017-20-21, 2019-4-13
2019-04-29_17:22:36.161 [main] INFO  c.e.cdb.controlleur.Controlleur - nullErreur dans la date avec: 2017, 2019-4-13
2019-04-29_17:22:36.161 [main] INFO  c.e.cdb.controlleur.Controlleur - nullErreur dans la date avec: 2017-02-11, bonsoir
2019-04-29_17:22:36.217 [main] INFO  c.e.cdb.controlleur.Controlleur - nullErreur dans la date avec: 2016-11-11, blop
2019-04-29_17:22:36.220 [main] INFO  c.e.cdb.controlleur.Controlleur - For input string: "blocage"probleme de type: blocage, 4000
2019-04-29_17:22:36.224 [main] INFO  c.e.cdb.controlleur.Controlleur - For input string: "mystere"Probleme de type : 5, mystere
2019-04-29_17:22:36.224 [main] INFO  c.e.cdb.controlleur.Controlleur - For input string: "babloz"Erreur, veuillez entrez un entier  !! babloz
2019-04-29_17:22:36.294 [main] INFO  c.e.cdb.controlleur.Controlleur - nullErreur dans la date avec: name, 2016-11-11
2019-04-29_17:26:59.633 [main] INFO  c.e.cdb.controlleur.Controlleur - nullErreur dans la date avec: 2017-20-21, 2019-4-13
2019-04-29_17:26:59.640 [main] INFO  c.e.cdb.controlleur.Controlleur - nullErreur dans la date avec: 2017, 2019-4-13
2019-04-29_17:26:59.641 [main] INFO  c.e.cdb.controlleur.Controlleur - nullErreur dans la date avec: 2017-02-11, bonsoir
2019-04-29_17:26:59.716 [main] INFO  c.e.cdb.controlleur.Controlleur - nullErreur dans la date avec: 2016-11-11, blop
2019-04-29_17:26:59.721 [main] INFO  c.e.cdb.controlleur.Controlleur - For input string: "blocage"probleme de type: blocage, 4000
2019-04-29_17:26:59.727 [main] INFO  c.e.cdb.controlleur.Controlleur - For input string: "mystere"Probleme de type : 5, mystere
2019-04-29_17:26:59.728 [main] INFO  c.e.cdb.controlleur.Controlleur - For input string: "babloz"Erreur, veuillez entrez un entier  !! babloz
2019-04-29_17:26:59.847 [main] INFO  c.e.cdb.controlleur.Controlleur - nullErreur dans la date avec: name, 2016-11-11
2019-04-29_17:34:21.890 [main] INFO  c.e.cdb.controlleur.Controlleur - nullErreur dans la date avec: 2017-20-21, 2019-4-13
2019-04-29_17:34:21.896 [main] INFO  c.e.cdb.controlleur.Controlleur - nullErreur dans la date avec: 2017, 2019-4-13
2019-04-29_17:34:21.897 [main] INFO  c.e.cdb.controlleur.Controlleur - nullErreur dans la date avec: 2017-02-11, bonsoir
2019-04-29_17:34:21.957 [main] INFO  c.e.cdb.controlleur.Controlleur - nullErreur dans la date avec: 2016-11-11, blop
2019-04-29_17:34:21.962 [main] INFO  c.e.cdb.controlleur.Controlleur - For input string: "blocage"probleme de type: blocage, 4000
2019-04-29_17:34:21.967 [main] INFO  c.e.cdb.controlleur.Controlleur - For input string: "mystere"Probleme de type : 5, mystere
2019-04-29_17:34:21.968 [main] INFO  c.e.cdb.controlleur.Controlleur - For input string: "babloz"Erreur, veuillez entrez un entier  !! babloz
2019-04-29_17:34:22.094 [main] INFO  c.e.cdb.controlleur.Controlleur - nullErreur dans la date avec: name, 2016-11-11
2019-04-29_17:36:59.495 [main] INFO  c.e.cdb.controlleur.Controlleur - nullErreur dans la date avec: 2017-20-21, 2019-4-13
2019-04-29_17:36:59.498 [main] INFO  c.e.cdb.controlleur.Controlleur - nullErreur dans la date avec: 2017, 2019-4-13
2019-04-29_17:36:59.498 [main] INFO  c.e.cdb.controlleur.Controlleur - nullErreur dans la date avec: 2017-02-11, bonsoir
2019-04-29_17:36:59.542 [main] INFO  c.e.cdb.controlleur.Controlleur - For input string: "lolipop"Erreur de format dans supprComputer de controlleurlolipop
2019-04-29_17:36:59.552 [main] INFO  c.e.cdb.controlleur.Controlleur - nullErreur dans la date avec: 2016-11-11, blop
2019-04-29_17:36:59.554 [main] INFO  c.e.cdb.controlleur.Controlleur - For input string: "blocage"probleme de type: blocage, 4000
2019-04-29_17:36:59.557 [main] INFO  c.e.cdb.controlleur.Controlleur - For input string: "mystere"Probleme de type : 5, mystere
2019-04-29_17:36:59.558 [main] INFO  c.e.cdb.controlleur.Controlleur - For input string: "babloz"Erreur, veuillez entrez un entier  !! babloz
2019-04-29_17:36:59.628 [main] INFO  c.e.cdb.controlleur.Controlleur - nullErreur dans la date avec: name, 2016-11-11
2019-04-29_17:37:15.624 [main] INFO  c.e.cdb.controlleur.Controlleur - nullErreur dans la date avec: 2017-20-21, 2019-4-13
2019-04-29_17:37:15.626 [main] INFO  c.e.cdb.controlleur.Controlleur - nullErreur dans la date avec: 2017, 2019-4-13
2019-04-29_17:37:15.627 [main] INFO  c.e.cdb.controlleur.Controlleur - nullErreur dans la date avec: 2017-02-11, bonsoir
2019-04-29_17:37:15.671 [main] INFO  c.e.cdb.controlleur.Controlleur - For input string: "lolipop"Erreur de format dans supprComputer de controlleurlolipop
2019-04-29_17:37:15.677 [main] INFO  c.e.cdb.controlleur.Controlleur - nullErreur dans la date avec: 2016-11-11, blop
2019-04-29_17:37:15.679 [main] INFO  c.e.cdb.controlleur.Controlleur - For input string: "blocage"probleme de type: blocage, 4000
2019-04-29_17:37:15.682 [main] INFO  c.e.cdb.controlleur.Controlleur - For input string: "mystere"Probleme de type : 5, mystere
2019-04-29_17:37:15.683 [main] INFO  c.e.cdb.controlleur.Controlleur - For input string: "babloz"Erreur, veuillez entrez un entier  !! babloz
2019-04-29_17:37:15.753 [main] INFO  c.e.cdb.controlleur.Controlleur - nullErreur dans la date avec: name, 2016-11-11
2019-04-29_17:40:50.186 [main] INFO  c.e.cdb.controlleur.Controlleur - nullErreur dans la date avec: 2017-20-21, 2019-4-13
2019-04-29_17:40:50.193 [main] INFO  c.e.cdb.controlleur.Controlleur - nullErreur dans la date avec: 2017, 2019-4-13
2019-04-29_17:40:50.194 [main] INFO  c.e.cdb.controlleur.Controlleur - nullErreur dans la date avec: 2017-02-11, bonsoir
2019-04-29_17:40:50.253 [main] INFO  c.e.cdb.controlleur.Controlleur - For input string: "lolipop"Erreur de format dans supprComputer de controlleurlolipop
2019-04-29_17:40:50.261 [main] INFO  c.e.cdb.controlleur.Controlleur - nullErreur dans la date avec: 2016-11-11, blop
2019-04-29_17:40:50.264 [main] INFO  c.e.cdb.controlleur.Controlleur - For input string: "blocage"probleme de type: blocage, 4000
2019-04-29_17:40:50.268 [main] INFO  c.e.cdb.controlleur.Controlleur - For input string: "mystere"Probleme de type : 5, mystere
2019-04-29_17:40:50.270 [main] INFO  c.e.cdb.controlleur.Controlleur - For input string: "babloz"Erreur, veuillez entrez un entier  !! babloz
2019-04-29_17:40:50.362 [main] INFO  c.e.cdb.controlleur.Controlleur - nullErreur dans la date avec: name, 2016-11-11
